info it worked if it ends with ok
verbose cli [ 'node', '/usr/local/bin/npm', 'install', 'zurb-foundation' ]
info using npm@1.1.4
info using node@v0.6.12
verbose config file /Users/howard/.npmrc
verbose config file /usr/local/etc/npmrc
verbose config file /usr/local/lib/node_modules/npm/npmrc
verbose caching /Users/howard/Documents/Code/Node.js/unfuggle/node_modules/ecstatic/package.json
verbose caching /Users/howard/Documents/Code/Node.js/unfuggle/node_modules/flatiron/package.json
verbose caching /Users/howard/Documents/Code/Node.js/unfuggle/node_modules/plates/package.json
verbose caching /Users/howard/Documents/Code/Node.js/unfuggle/node_modules/redis/package.json
verbose caching /Users/howard/Documents/Code/Node.js/unfuggle/node_modules/request/package.json
verbose caching /Users/howard/Documents/Code/Node.js/unfuggle/node_modules/underscore/package.json
verbose caching /Users/howard/Documents/Code/Node.js/unfuggle/node_modules/union/package.json
verbose caching /Users/howard/Documents/Code/Node.js/unfuggle/node_modules/passport-local/package.json
verbose caching /Users/howard/Documents/Code/Node.js/unfuggle/node_modules/form/package.json
verbose caching /Users/howard/Documents/Code/Node.js/unfuggle/node_modules/passport/package.json
verbose cache add [ 'zurb-foundation', null ]
silly cache add: name, spec, args [ undefined, 'zurb-foundation', [ 'zurb-foundation', null ] ]
verbose parsed url { pathname: 'zurb-foundation',
verbose parsed url   path: 'zurb-foundation',
verbose parsed url   href: 'zurb-foundation' }
verbose addNamed [ 'zurb-foundation', '' ]
verbose addNamed [ null, '' ]
silly name, range, hasData [ 'zurb-foundation', '', false ]
verbose raw, before any munging zurb-foundation
verbose url resolving [ 'https://registry.npmjs.org/', './zurb-foundation' ]
verbose url resolved https://registry.npmjs.org/zurb-foundation
http GET https://registry.npmjs.org/zurb-foundation
http 404 https://registry.npmjs.org/zurb-foundation
silly get cb [ 404,
silly get cb   { server: 'CouchDB/1.2.0 (Erlang OTP/R15B)',
silly get cb     date: 'Fri, 17 Aug 2012 13:19:18 GMT',
silly get cb     'content-type': 'application/json',
silly get cb     'content-length': '52',
silly get cb     'cache-control': 'must-revalidate' } ]
ERR! 404 'zurb-foundation' is not in the npm registry.
ERR! 404 You should bug the author to publish it
ERR! 404 Note that you can also install from a
ERR! 404 tarball, folder, or http url, or git url.
ERR! 
ERR! System Darwin 11.4.0
ERR! command "node" "/usr/local/bin/npm" "install" "zurb-foundation"
ERR! cwd /Users/howard/Documents/Code/Node.js/unfuggle/static/css
ERR! node -v v0.6.12
ERR! npm -v 1.1.4
ERR! code E404
ERR! message 404 Not Found: zurb-foundation
ERR! errno {}
verbose exit [ 1, true ]
